CRITICAL - 2021-08-23 21:20:00 --> Class 'App\Models\Model' not found
#0 C:\wamp64\www\blog\system\Autoloader\Autoloader.php(300): include_once()
#1 C:\wamp64\www\blog\system\Autoloader\Autoloader.php(273): CodeIgniter\Autoloader\Autoloader->includeFile('C:\\wamp64\\www\\b...')
#2 C:\wamp64\www\blog\system\Autoloader\Autoloader.php(247): CodeIgniter\Autoloader\Autoloader->loadInNamespace('App\\Models\\Blog...')
#3 [internal function]: CodeIgniter\Autoloader\Autoloader->loadClass('App\\Models\\Blog...')
#4 C:\wamp64\www\blog\app\Controllers\Pages.php(11): spl_autoload_call('App\\Models\\Blog...')
#5 C:\wamp64\www\blog\system\CodeIgniter.php(928): App\Controllers\Pages->index()
#6 C:\wamp64\www\blog\system\CodeIgniter.php(436): CodeIgniter\CodeIgniter->runController(Object(App\Controllers\Pages))
#7 C:\wamp64\www\blog\system\CodeIgniter.php(336): CodeIgniter\CodeIgniter->handleRequest(NULL, Object(Config\Cache), false)
#8 C:\wamp64\www\blog\public\index.php(37): CodeIgniter\CodeIgniter->run()
#9 C:\wamp64\www\blog\system\Commands\Server\rewrite.php(45): require_once('C:\\wamp64\\www\\b...')
#10 {main}
CRITICAL - 2021-08-23 21:20:10 --> Class 'CodeIgniter\Models' not found
#0 C:\wamp64\www\blog\system\Autoloader\Autoloader.php(300): include_once()
#1 C:\wamp64\www\blog\system\Autoloader\Autoloader.php(273): CodeIgniter\Autoloader\Autoloader->includeFile('C:\\wamp64\\www\\b...')
#2 C:\wamp64\www\blog\system\Autoloader\Autoloader.php(247): CodeIgniter\Autoloader\Autoloader->loadInNamespace('App\\Models\\Blog...')
#3 [internal function]: CodeIgniter\Autoloader\Autoloader->loadClass('App\\Models\\Blog...')
#4 C:\wamp64\www\blog\app\Controllers\Pages.php(11): spl_autoload_call('App\\Models\\Blog...')
#5 C:\wamp64\www\blog\system\CodeIgniter.php(928): App\Controllers\Pages->index()
#6 C:\wamp64\www\blog\system\CodeIgniter.php(436): CodeIgniter\CodeIgniter->runController(Object(App\Controllers\Pages))
#7 C:\wamp64\www\blog\system\CodeIgniter.php(336): CodeIgniter\CodeIgniter->handleRequest(NULL, Object(Config\Cache), false)
#8 C:\wamp64\www\blog\public\index.php(37): CodeIgniter\CodeIgniter->run()
#9 C:\wamp64\www\blog\system\Commands\Server\rewrite.php(45): require_once('C:\\wamp64\\www\\b...')
#10 {main}
CRITICAL - 2021-08-23 21:20:50 --> Use of undefined constant slug - assumed 'slug' (this will throw an Error in a future version of PHP)
#0 C:\wamp64\www\blog\app\Models\BlogModel.php(11): CodeIgniter\Debug\Exceptions->errorHandler(2, 'Use of undefine...', 'C:\\wamp64\\www\\b...', 11, Array)
#1 C:\wamp64\www\blog\app\Controllers\Pages.php(12): App\Models\BlogModel->getPosts()
#2 C:\wamp64\www\blog\system\CodeIgniter.php(928): App\Controllers\Pages->index()
#3 C:\wamp64\www\blog\system\CodeIgniter.php(436): CodeIgniter\CodeIgniter->runController(Object(App\Controllers\Pages))
#4 C:\wamp64\www\blog\system\CodeIgniter.php(336): CodeIgniter\CodeIgniter->handleRequest(NULL, Object(Config\Cache), false)
#5 C:\wamp64\www\blog\public\index.php(37): CodeIgniter\CodeIgniter->run()
#6 C:\wamp64\www\blog\system\Commands\Server\rewrite.php(45): require_once('C:\\wamp64\\www\\b...')
#7 {main}
ERROR - 2021-08-23 21:22:30 --> Table 'blog.blog' doesn't exist
CRITICAL - 2021-08-23 21:22:30 --> Table 'blog.blog' doesn't exist
#0 C:\wamp64\www\blog\system\Database\MySQLi\Connection.php(329): mysqli->query('SELECT *\nFROM `...')
#1 C:\wamp64\www\blog\system\Database\BaseConnection.php(732): CodeIgniter\Database\MySQLi\Connection->execute('SELECT *\nFROM `...')
#2 C:\wamp64\www\blog\system\Database\BaseConnection.php(647): CodeIgniter\Database\BaseConnection->simpleQuery('SELECT *\nFROM `...')
#3 C:\wamp64\www\blog\system\Database\BaseBuilder.php(1881): CodeIgniter\Database\BaseConnection->query('SELECT *\nFROM `...', Array, false)
#4 C:\wamp64\www\blog\system\Model.php(197): CodeIgniter\Database\BaseBuilder->get()
#5 C:\wamp64\www\blog\system\BaseModel.php(603): CodeIgniter\Model->doFindAll(0, 0)
#6 C:\wamp64\www\blog\app\Models\BlogModel.php(12): CodeIgniter\BaseModel->findAll()
#7 C:\wamp64\www\blog\app\Controllers\Pages.php(12): App\Models\BlogModel->getPosts()
#8 C:\wamp64\www\blog\system\CodeIgniter.php(928): App\Controllers\Pages->index()
#9 C:\wamp64\www\blog\system\CodeIgniter.php(436): CodeIgniter\CodeIgniter->runController(Object(App\Controllers\Pages))
#10 C:\wamp64\www\blog\system\CodeIgniter.php(336): CodeIgniter\CodeIgniter->handleRequest(NULL, Object(Config\Cache), false)
#11 C:\wamp64\www\blog\public\index.php(37): CodeIgniter\CodeIgniter->run()
#12 C:\wamp64\www\blog\system\Commands\Server\rewrite.php(45): require_once('C:\\wamp64\\www\\b...')
#13 {main}
ERROR - 2021-08-23 22:44:08 --> Table 'blog.post' doesn't exist
CRITICAL - 2021-08-23 22:44:08 --> Table 'blog.post' doesn't exist
#0 C:\wamp64\www\blog\system\Database\MySQLi\Connection.php(329): mysqli->query('SELECT *\nFROM `...')
#1 C:\wamp64\www\blog\system\Database\BaseConnection.php(732): CodeIgniter\Database\MySQLi\Connection->execute('SELECT *\nFROM `...')
#2 C:\wamp64\www\blog\system\Database\BaseConnection.php(647): CodeIgniter\Database\BaseConnection->simpleQuery('SELECT *\nFROM `...')
#3 C:\wamp64\www\blog\system\Database\BaseBuilder.php(1881): CodeIgniter\Database\BaseConnection->query('SELECT *\nFROM `...', Array, false)
#4 C:\wamp64\www\blog\system\Model.php(197): CodeIgniter\Database\BaseBuilder->get()
#5 C:\wamp64\www\blog\system\BaseModel.php(603): CodeIgniter\Model->doFindAll(0, 0)
#6 C:\wamp64\www\blog\app\Models\BlogModel.php(12): CodeIgniter\BaseModel->findAll()
#7 C:\wamp64\www\blog\app\Controllers\Pages.php(12): App\Models\BlogModel->getPosts()
#8 C:\wamp64\www\blog\system\CodeIgniter.php(928): App\Controllers\Pages->index()
#9 C:\wamp64\www\blog\system\CodeIgniter.php(436): CodeIgniter\CodeIgniter->runController(Object(App\Controllers\Pages))
#10 C:\wamp64\www\blog\system\CodeIgniter.php(336): CodeIgniter\CodeIgniter->handleRequest(NULL, Object(Config\Cache), false)
#11 C:\wamp64\www\blog\public\index.php(37): CodeIgniter\CodeIgniter->run()
#12 C:\wamp64\www\blog\system\Commands\Server\rewrite.php(45): require_once('C:\\wamp64\\www\\b...')
#13 {main}
ERROR - 2021-08-23 23:13:27 --> Unknown column 'slug' in 'field list'
CRITICAL - 2021-08-23 23:13:27 --> Unknown column 'slug' in 'field list'
#0 C:\wamp64\www\blog\system\Database\MySQLi\Connection.php(329): mysqli->query('INSERT INTO `bl...')
#1 C:\wamp64\www\blog\system\Database\BaseConnection.php(732): CodeIgniter\Database\MySQLi\Connection->execute('INSERT INTO `bl...')
#2 C:\wamp64\www\blog\system\Database\BaseConnection.php(647): CodeIgniter\Database\BaseConnection->simpleQuery('INSERT INTO `bl...')
#3 C:\wamp64\www\blog\system\Database\BaseBuilder.php(2277): CodeIgniter\Database\BaseConnection->query('INSERT INTO `bl...', Array, false)
#4 C:\wamp64\www\blog\system\Model.php(259): CodeIgniter\Database\BaseBuilder->insert()
#5 C:\wamp64\www\blog\system\BaseModel.php(774): CodeIgniter\Model->doInsert(Array)
#6 C:\wamp64\www\blog\system\Model.php(686): CodeIgniter\BaseModel->insert(Array, false)
#7 C:\wamp64\www\blog\system\BaseModel.php(687): CodeIgniter\Model->insert(Array, false)
#8 C:\wamp64\www\blog\app\Controllers\Blog.php(31): CodeIgniter\BaseModel->save(Array)
#9 C:\wamp64\www\blog\system\CodeIgniter.php(928): App\Controllers\Blog->create()
#10 C:\wamp64\www\blog\system\CodeIgniter.php(436): CodeIgniter\CodeIgniter->runController(Object(App\Controllers\Blog))
#11 C:\wamp64\www\blog\system\CodeIgniter.php(336): CodeIgniter\CodeIgniter->handleRequest(NULL, Object(Config\Cache), false)
#12 C:\wamp64\www\blog\public\index.php(37): CodeIgniter\CodeIgniter->run()
#13 C:\wamp64\www\blog\system\Commands\Server\rewrite.php(45): require_once('C:\\wamp64\\www\\b...')
#14 {main}
CRITICAL - 2021-08-23 23:14:07 --> Argument 1 passed to url_title() must be of the type string, null given, called in C:\wamp64\www\blog\app\Controllers\Blog.php on line 31
#0 C:\wamp64\www\blog\app\Controllers\Blog.php(31): url_title(NULL)
#1 C:\wamp64\www\blog\system\CodeIgniter.php(928): App\Controllers\Blog->create()
#2 C:\wamp64\www\blog\system\CodeIgniter.php(436): CodeIgniter\CodeIgniter->runController(Object(App\Controllers\Blog))
#3 C:\wamp64\www\blog\system\CodeIgniter.php(336): CodeIgniter\CodeIgniter->handleRequest(NULL, Object(Config\Cache), false)
#4 C:\wamp64\www\blog\public\index.php(37): CodeIgniter\CodeIgniter->run()
#5 C:\wamp64\www\blog\system\Commands\Server\rewrite.php(45): require_once('C:\\wamp64\\www\\b...')
#6 {main}
CRITICAL - 2021-08-23 23:14:16 --> Argument 1 passed to url_title() must be of the type string, null given, called in C:\wamp64\www\blog\app\Controllers\Blog.php on line 31
#0 C:\wamp64\www\blog\app\Controllers\Blog.php(31): url_title(NULL)
#1 C:\wamp64\www\blog\system\CodeIgniter.php(928): App\Controllers\Blog->create()
#2 C:\wamp64\www\blog\system\CodeIgniter.php(436): CodeIgniter\CodeIgniter->runController(Object(App\Controllers\Blog))
#3 C:\wamp64\www\blog\system\CodeIgniter.php(336): CodeIgniter\CodeIgniter->handleRequest(NULL, Object(Config\Cache), false)
#4 C:\wamp64\www\blog\public\index.php(37): CodeIgniter\CodeIgniter->run()
#5 C:\wamp64\www\blog\system\Commands\Server\rewrite.php(45): require_once('C:\\wamp64\\www\\b...')
#6 {main}
ERROR - 2021-08-23 23:14:45 --> Unknown column 'slug' in 'field list'
CRITICAL - 2021-08-23 23:14:45 --> Unknown column 'slug' in 'field list'
#0 C:\wamp64\www\blog\system\Database\MySQLi\Connection.php(329): mysqli->query('INSERT INTO `bl...')
#1 C:\wamp64\www\blog\system\Database\BaseConnection.php(732): CodeIgniter\Database\MySQLi\Connection->execute('INSERT INTO `bl...')
#2 C:\wamp64\www\blog\system\Database\BaseConnection.php(647): CodeIgniter\Database\BaseConnection->simpleQuery('INSERT INTO `bl...')
#3 C:\wamp64\www\blog\system\Database\BaseBuilder.php(2277): CodeIgniter\Database\BaseConnection->query('INSERT INTO `bl...', Array, false)
#4 C:\wamp64\www\blog\system\Model.php(259): CodeIgniter\Database\BaseBuilder->insert()
#5 C:\wamp64\www\blog\system\BaseModel.php(774): CodeIgniter\Model->doInsert(Array)
#6 C:\wamp64\www\blog\system\Model.php(686): CodeIgniter\BaseModel->insert(Array, false)
#7 C:\wamp64\www\blog\system\BaseModel.php(687): CodeIgniter\Model->insert(Array, false)
#8 C:\wamp64\www\blog\app\Controllers\Blog.php(31): CodeIgniter\BaseModel->save(Array)
#9 C:\wamp64\www\blog\system\CodeIgniter.php(928): App\Controllers\Blog->create()
#10 C:\wamp64\www\blog\system\CodeIgniter.php(436): CodeIgniter\CodeIgniter->runController(Object(App\Controllers\Blog))
#11 C:\wamp64\www\blog\system\CodeIgniter.php(336): CodeIgniter\CodeIgniter->handleRequest(NULL, Object(Config\Cache), false)
#12 C:\wamp64\www\blog\public\index.php(37): CodeIgniter\CodeIgniter->run()
#13 C:\wamp64\www\blog\system\Commands\Server\rewrite.php(45): require_once('C:\\wamp64\\www\\b...')
#14 {main}
